> Command : user
> Command : users
> Command : ls
> Command : users
> Command : pwd
> Command : ls
> Command : ls
> Command : ls -a
> Command : pwd
> Command : ls
> Command : ls
> Command : ls -a
> Command : users
> Command : users
> Command : ls
> Command : ls
> Command : users
> Command : ls
> Command : ls
> Command : ls
> Command : ls -a
> Command : ls -a
> Command : ls -a
> Command : ls -a
> Command : ls -a
> Command : ls -a
> Command : ls -a
> Command : ls
> Command : ls -a
> Command : pwd
> Command : ls
> Command : ls -a
> Command : pwd
> Command : ls
> Command : ls
> Command : users
> Command : ls
> Command : ls -a
> Command : users
> Command : pwd
> Command : ls
> Command : pwd
> Command : ls
> Command : pwd
> Command : pwd
> Command : ls
> Command : pwd
> Command : pwd
> Command : ls
> Command : ls -a
> Command : pwd
> Command : ls
> Command : ls -a
> Command : pwd
> Command : users
