> Command : user

> Command : users
thib thib

> Command : ls
bin
includes
obj
script
src
srv_hodin
srv_hodin.cbp
srv_hodin.depend
srv_hodin.layout
test

> Command : users
thib thib
es
obj
script
src
srv_hodin
srv_hodin.cbp
srv_hodin.depend
srv_hodin.layout
test

> Command : pwd
/media/thib/CLEF_USB_DEV/srv_hodin
in
srv_hodin.cbp
srv_hodin.depend
srv_hodin.layout
test

> Command : ls
bin
includes
obj
script
src
srv_hodin
srv_hodin.cbp
srv_hodin.depend
srv_hodin.layout
test

> Command : ls
bin
includes
obj
script
src
srv_hodin
srv_hodin.cbp
srv_hodin.depend
srv_hodin.layout
test

> Command : ls -a
.
..
bin
includes
obj
script
src
srv_hodin
srv_hodin.cbp
srv_hodin.depend
srv_hodin.layout
test

> Command : pwd
/media/thib/CLEF_USB_DEV/srv_hodin
v_hodin
srv_hodin.cbp
srv_hodin.depend
srv_hodin.layout
test

> Command : ls
bin
includes
obj
script
src
srv_hodin
srv_hodin.cbp
srv_hodin.depend
srv_hodin.layout
test

> Command : ls -a
.
..
bin
includes
obj
script
src
srv_hodin
srv_hodin.cbp
srv_hodin.depend
srv_hodin.layout
test

> Command : users
thib thib
ncludes
obj
script
src
srv_hodin
srv_hodin.cbp
srv_hodin.depend
srv_hodin.layout
test

> Command : ls
> Command : users
thib thib

> Command : ls

> Command : ls

> Command : users
thib thib

> Command : ls

> Command : ls

> Command : ls
bin
includes
obj
script
src
srv_hodin
srv_hodin.cbp
srv_hodin.depend
srv_hodin.layout
test

> Command : ls -a

> Command : ls -a

> Command : ls -a

> Command : ls -a

> Command : ls -a

> Command : ls -a

> Command : ls -a

> Command : ls
bin
includes
obj
script
src
srv_hodin
srv_hodin.cbp
srv_hodin.depend
srv_hodin.layout
test

> Command : ls -a
.
..
bin
includes
obj
script
src
srv_hodin
srv_hodin.cbp
srv_hodin.depend
srv_hodin.layout
test

> Command : pwd
/media/thib/CLEF_USB_DEV/srv_hodin
v_hodin
srv_hodin.cbp
srv_hodin.depend
srv_hodin.layout
test

> Command : ls
bin
includes
obj
script
src
srv_hodin
srv_hodin.cbp
srv_hodin.depend
srv_hodin.layout
test

> Command : ls -a
.
..
bin
includes
obj
script
src
srv_hodin
srv_hodin.cbp
srv_hodin.depend
srv_hodin.layout
test

> Command : pwd
/media/thib/CLEF_USB_DEV/srv_hodin
v_hodin
srv_hodin.cbp
srv_hodin.depend
srv_hodin.layout
test

> Command : ls
bin
includes
obj
script
src
srv_hodin
srv_hodin.cbp
srv_hodin.depend
srv_hodin.layout
test
test

> Command : ls
bin
includes
obj
script
src
srv_hodin
srv_hodin.cbp
srv_hodin.depend
srv_hodin.layout
test
test

> Command : users
thib thib
es
obj
script
src
srv_hodin
srv_hodin.cbp
srv_hodin.depend
srv_hodin.layout
test
test

> Command : ls
bin
includes
obj
script
src
srv_hodin
srv_hodin.cbp
srv_hodin.depend
srv_hodin.layout
test

> Command : ls -a
.
..
bin
includes
obj
script
src
srv_hodin
srv_hodin.cbp
srv_hodin.depend
srv_hodin.layout
test

> Command : users
thib thib
ncludes
obj
script
src
srv_hodin
srv_hodin.cbp
srv_hodin.depend
srv_hodin.layout
test

> Command : pwd
/media/thib/CLEF_USB_DEV/srv_hodin
v_hodin
srv_hodin.cbp
srv_hodin.depend
srv_hodin.layout
test

> Command : ls
bin
includes
obj
script
src
srv_hodin
srv_hodin.cbp
srv_hodin.depend
srv_hodin.layout
test

> Command : pwd
/media/thib/CLEF_USB_DEV/srv_hodin
in
srv_hodin.cbp
srv_hodin.depend
srv_hodin.layout
test

> Command : ls
bin
includes
obj
script
src
srv_hodin
srv_hodin.cbp
srv_hodin.depend
srv_hodin.layout
test

> Command : pwd

> Command : pwd
/media/thib/CLEF_USB_DEV/srv_hodin
in
srv_hodin.cbp
srv_hodin.depend
srv_hodin.layout
test

> Command : ls
bin
includes
obj
script
src
srv_hodin
srv_hodin.cbp
srv_hodin.depend
srv_hodin.layout
test

> Command : pwd

> Command : pwd
/media/thib/CLEF_USB_DEV/srv_hodin
in
srv_hodin.cbp
srv_hodin.depend
srv_hodin.layout
test

> Command : ls
bin
includes
obj
script
src
srv_hodin
srv_hodin.cbp
srv_hodin.depend
srv_hodin.layout
test

> Command : ls -a
.
..
bin
includes
obj
script
src
srv_hodin
srv_hodin.cbp
srv_hodin.depend
srv_hodin.layout
test

> Command : pwd
/media/thib/CLEF_USB_DEV/srv_hodin
v_hodin
srv_hodin.cbp
srv_hodin.depend
srv_hodin.layout
test

> Command : ls
bin
includes
obj
script
src
srv_hodin
srv_hodin.cbp
srv_hodin.depend
srv_hodin.layout
test

> Command : ls -a
.
..
bin
includes
obj
script
src
srv_hodin
srv_hodin.cbp
srv_hodin.depend
srv_hodin.layout
test

> Command : pwd
/media/thib/CLEF_USB_DEV/srv_hodin

> Command : users
thib thib

